<?xml version="1.0" encoding="UTF-8"?>
<testng-results total="0" passed="0" failed="0" skipped="0">
  <reporter-output>
  </reporter-output>
  <suite started-at="2021-07-26T02:21:03Z" name="runners.TestRunner" finished-at="2021-07-26T02:21:05Z" duration-ms="2096">
    <groups>
    </groups>
    <test started-at="2021-07-26T02:21:03Z" name="Command line test 6058380f-115c-4cad-b07a-f19c312de85e" finished-at="2021-07-26T02:21:05Z" duration-ms="2096">
    </test> <!-- Command line test 6058380f-115c-4cad-b07a-f19c312de85e -->
  </suite> <!-- runners.TestRunner -->
</testng-results>
